# JRE version: OpenJDK Runtime Environment (21.0.6) (build 21.0.6+-13391695-b895.109)
# Java VM: OpenJDK 64-Bit Server VM (21.0.6+-13391695-b895.109, mixed mode, tiered, compressed oops, compressed class ptrs, g1 gc, windows-amd64)
GC Precious Log:
 CardTable entry size: 512
 Card Set container configuration: InlinePtr #cards 4 size 8 Array Of Cards #cards 16 size 48 Howl #buckets 8 coarsen threshold 3686 Howl Bitmap #cards 512 size 80 coarsen threshold 460 Card regions per heap region 1 cards per card region 4096
 CPUs: 4 total, 4 available
 Memory: 16262M
 Large Page Support: Disabled
 NUMA Support: Disabled
 Compressed Oops: Enabled (Zero based)
 Heap Region Size: 2M
 Heap Min Capacity: 8M
 Heap Initial Capacity: 256M
 Heap Max Capacity: 4G
 Pre-touch: Disabled
 Parallel Workers: 4
 Concurrent Workers: 1
 Concurrent Refinement Workers: 4
 Periodic GC: Disabled
Heap:
 garbage-first heap   total 192512K, used 136865K [0x0000000700000000, 0x0000000800000000)
  region size 2048K, 15 young (30720K), 3 survivors (6144K)
 Metaspace       used 112779K, committed 115008K, reserved 983040K
  class space    used 15472K, committed 16640K, reserved 851968K
GC Heap History (20 events):
Event: 61.383 GC heap before
{Heap before GC invocations=43 (full 0):
 garbage-first heap   total 151552K, used 128847K [0x0000000700000000, 0x0000000800000000)
  region size 2048K, 22 young (45056K), 2 survivors (4096K)
 Metaspace       used 90370K, committed 92416K, reserved 983040K
  class space    used 12135K, committed 13184K, reserved 851968K
}
Event: 61.394 GC heap after
{Heap after GC invocations=44 (full 0):
 garbage-first heap   total 151552K, used 92689K [0x0000000700000000, 0x0000000800000000)
  region size 2048K, 3 young (6144K), 3 survivors (6144K)
 Metaspace       used 90370K, committed 92416K, reserved 983040K
  class space    used 12135K, committed 13184K, reserved 851968K
}
Event: 63.584 GC heap before
{Heap before GC invocations=44 (full 0):
 garbage-first heap   total 151552K, used 131601K [0x0000000700000000, 0x0000000800000000)
  region size 2048K, 23 young (47104K), 3 survivors (6144K)
 Metaspace       used 92269K, committed 94336K, reserved 983040K
  class space    used 12369K, committed 13440K, reserved 851968K
}
Event: 63.604 GC heap after
{Heap after GC invocations=45 (full 0):
 garbage-first heap   total 151552K, used 95326K [0x0000000700000000, 0x0000000800000000)
  region size 2048K, 3 young (6144K), 3 survivors (6144K)
 Metaspace       used 92269K, committed 94336K, reserved 983040K
  class space    used 12369K, committed 13440K, reserved 851968K
}
Event: 65.172 GC heap before
{Heap before GC invocations=45 (full 0):
 garbage-first heap   total 151552K, used 130142K [0x0000000700000000, 0x0000000800000000)
  region size 2048K, 21 young (43008K), 3 survivors (6144K)
 Metaspace       used 95020K, committed 97024K, reserved 983040K
  class space    used 12794K, committed 13824K, reserved 851968K
}
Event: 65.182 GC heap after
{Heap after GC invocations=46 (full 0):
 garbage-first heap   total 151552K, used 96148K [0x0000000700000000, 0x0000000800000000)
  region size 2048K, 1 young (2048K), 1 survivors (2048K)
 Metaspace       used 95020K, committed 97024K, reserved 983040K
  class space    used 12794K, committed 13824K, reserved 851968K
}
Event: 68.332 GC heap before
{Heap before GC invocations=47 (full 0):
 garbage-first heap   total 163840K, used 137108K [0x0000000700000000, 0x0000000800000000)
  region size 2048K, 21 young (43008K), 1 survivors (2048K)
 Metaspace       used 98240K, committed 100352K, reserved 983040K
  class space    used 13368K, committed 14464K, reserved 851968K
}
Event: 68.338 GC heap after
{Heap after GC invocations=48 (full 0):
 garbage-first heap   total 163840K, used 97390K [0x0000000700000000, 0x0000000800000000)
  region size 2048K, 2 young (4096K), 2 survivors (4096K)
 Metaspace       used 98240K, committed 100352K, reserved 983040K
  class space    used 13368K, committed 14464K, reserved 851968K
}
Event: 72.453 GC heap before
{Heap before GC invocations=48 (full 0):
 garbage-first heap   total 163840K, used 148590K [0x0000000700000000, 0x0000000800000000)
  region size 2048K, 27 young (55296K), 2 survivors (4096K)
 Metaspace       used 102093K, committed 104256K, reserved 983040K
  class space    used 13928K, committed 15040K, reserved 851968K
}
Event: 72.466 GC heap after
{Heap after GC invocations=49 (full 0):
 garbage-first heap   total 163840K, used 99525K [0x0000000700000000, 0x0000000800000000)
  region size 2048K, 3 young (6144K), 3 survivors (6144K)
 Metaspace       used 102093K, committed 104256K, reserved 983040K
  class space    used 13928K, committed 15040K, reserved 851968K
}
Event: 75.828 GC heap before
{Heap before GC invocations=49 (full 0):
 garbage-first heap   total 163840K, used 148677K [0x0000000700000000, 0x0000000800000000)
  region size 2048K, 27 young (55296K), 3 survivors (6144K)
 Metaspace       used 105830K, committed 108032K, reserved 983040K
  class space    used 14505K, committed 15616K, reserved 851968K
}
Event: 75.842 GC heap after
{Heap after GC invocations=50 (full 0):
 garbage-first heap   total 163840K, used 101962K [0x0000000700000000, 0x0000000800000000)
  region size 2048K, 4 young (8192K), 4 survivors (8192K)
 Metaspace       used 105830K, committed 108032K, reserved 983040K
  class space    used 14505K, committed 15616K, reserved 851968K
}
Event: 79.546 GC heap before
{Heap before GC invocations=51 (full 0):
 garbage-first heap   total 174080K, used 142922K [0x0000000700000000, 0x0000000800000000)
  region size 2048K, 24 young (49152K), 4 survivors (8192K)
 Metaspace       used 109080K, committed 111360K, reserved 983040K
  class space    used 14920K, committed 16064K, reserved 851968K
}
Event: 79.562 GC heap after
{Heap after GC invocations=52 (full 0):
 garbage-first heap   total 174080K, used 104830K [0x0000000700000000, 0x0000000800000000)
  region size 2048K, 3 young (6144K), 3 survivors (6144K)
 Metaspace       used 109080K, committed 111360K, reserved 983040K
  class space    used 14920K, committed 16064K, reserved 851968K
}
Event: 94.257 GC heap before
{Heap before GC invocations=52 (full 0):
 garbage-first heap   total 174080K, used 156030K [0x0000000700000000, 0x0000000800000000)
  region size 2048K, 28 young (57344K), 3 survivors (6144K)
 Metaspace       used 112282K, committed 114560K, reserved 983040K
  class space    used 15380K, committed 16512K, reserved 851968K
}
Event: 94.282 GC heap after
{Heap after GC invocations=53 (full 0):
 garbage-first heap   total 174080K, used 110432K [0x0000000700000000, 0x0000000800000000)
  region size 2048K, 4 young (8192K), 4 survivors (8192K)
 Metaspace       used 112282K, committed 114560K, reserved 983040K
  class space    used 15380K, committed 16512K, reserved 851968K
}
Event: 95.205 GC heap before
{Heap before GC invocations=53 (full 0):
 garbage-first heap   total 174080K, used 155488K [0x0000000700000000, 0x0000000800000000)
  region size 2048K, 26 young (53248K), 4 survivors (8192K)
 Metaspace       used 112287K, committed 114560K, reserved 983040K
  class space    used 15380K, committed 16512K, reserved 851968K
}
Event: 95.222 GC heap after
{Heap after GC invocations=54 (full 0):
 garbage-first heap   total 174080K, used 114214K [0x0000000700000000, 0x0000000800000000)
  region size 2048K, 2 young (4096K), 2 survivors (4096K)
 Metaspace       used 112287K, committed 114560K, reserved 983040K
  class space    used 15380K, committed 16512K, reserved 851968K
}
Event: 97.035 GC heap before
{Heap before GC invocations=55 (full 0):
 garbage-first heap   total 192512K, used 157222K [0x0000000700000000, 0x0000000800000000)
  region size 2048K, 23 young (47104K), 2 survivors (4096K)
 Metaspace       used 112583K, committed 114816K, reserved 983040K
  class space    used 15444K, committed 16576K, reserved 851968K
}
Event: 97.044 GC heap after
{Heap after GC invocations=56 (full 0):
 garbage-first heap   total 192512K, used 116385K [0x0000000700000000, 0x0000000800000000)
  region size 2048K, 3 young (6144K), 3 survivors (6144K)
 Metaspace       used 112583K, committed 114816K, reserved 983040K
  class space    used 15444K, committed 16576K, reserved 851968K
}

