# JRE version: OpenJDK Runtime Environment (21.0.6) (build 21.0.6+-13391695-b895.109)
# Java VM: OpenJDK 64-Bit Server VM (21.0.6+-13391695-b895.109, mixed mode, tiered, compressed oops, compressed class ptrs, g1 gc, windows-amd64)
GC Precious Log:
 CardTable entry size: 512
 Card Set container configuration: InlinePtr #cards 4 size 8 Array Of Cards #cards 16 size 48 Howl #buckets 8 coarsen threshold 3686 Howl Bitmap #cards 512 size 80 coarsen threshold 460 Card regions per heap region 1 cards per card region 4096
 CPUs: 4 total, 4 available
 Memory: 16262M
 Large Page Support: Disabled
 NUMA Support: Disabled
 Compressed Oops: Enabled (Zero based)
 Heap Region Size: 2M
 Heap Min Capacity: 8M
 Heap Initial Capacity: 256M
 Heap Max Capacity: 4G
 Pre-touch: Disabled
 Parallel Workers: 4
 Concurrent Workers: 1
 Concurrent Refinement Workers: 4
 Periodic GC: Disabled
Heap:
 garbage-first heap   total 188416K, used 152814K [0x0000000700000000, 0x0000000800000000)
  region size 2048K, 23 young (47104K), 2 survivors (4096K)
 Metaspace       used 112365K, committed 114560K, reserved 983040K
  class space    used 15379K, committed 16512K, reserved 851968K
GC Heap History (20 events):
Event: 178.356 GC heap before
{Heap before GC invocations=42 (full 0):
 garbage-first heap   total 137216K, used 87888K [0x0000000700000000, 0x0000000800000000)
  region size 2048K, 5 young (10240K), 2 survivors (4096K)
 Metaspace       used 89075K, committed 91072K, reserved 983040K
  class space    used 11914K, committed 12928K, reserved 851968K
}
Event: 178.365 GC heap after
{Heap after GC invocations=43 (full 0):
 garbage-first heap   total 137216K, used 83728K [0x0000000700000000, 0x0000000800000000)
  region size 2048K, 2 young (4096K), 2 survivors (4096K)
 Metaspace       used 89075K, committed 91072K, reserved 983040K
  class space    used 11914K, committed 12928K, reserved 851968K
}
Event: 185.722 GC heap before
{Heap before GC invocations=44 (full 0):
 garbage-first heap   total 151552K, used 124688K [0x0000000700000000, 0x0000000800000000)
  region size 2048K, 20 young (40960K), 2 survivors (4096K)
 Metaspace       used 90457K, committed 92480K, reserved 983040K
  class space    used 12127K, committed 13120K, reserved 851968K
}
Event: 185.739 GC heap after
{Heap after GC invocations=45 (full 0):
 garbage-first heap   total 151552K, used 92392K [0x0000000700000000, 0x0000000800000000)
  region size 2048K, 3 young (6144K), 3 survivors (6144K)
 Metaspace       used 90457K, committed 92480K, reserved 983040K
  class space    used 12127K, committed 13120K, reserved 851968K
}
Event: 189.938 GC heap before
{Heap before GC invocations=45 (full 0):
 garbage-first heap   total 151552K, used 133352K [0x0000000700000000, 0x0000000800000000)
  region size 2048K, 23 young (47104K), 3 survivors (6144K)
 Metaspace       used 92109K, committed 94080K, reserved 983040K
  class space    used 12325K, committed 13312K, reserved 851968K
}
Event: 189.963 GC heap after
{Heap after GC invocations=46 (full 0):
 garbage-first heap   total 151552K, used 95624K [0x0000000700000000, 0x0000000800000000)
  region size 2048K, 3 young (6144K), 3 survivors (6144K)
 Metaspace       used 92109K, committed 94080K, reserved 983040K
  class space    used 12325K, committed 13312K, reserved 851968K
}
Event: 192.585 GC heap before
{Heap before GC invocations=46 (full 0):
 garbage-first heap   total 151552K, used 130440K [0x0000000700000000, 0x0000000800000000)
  region size 2048K, 21 young (43008K), 3 survivors (6144K)
 Metaspace       used 94793K, committed 96832K, reserved 983040K
  class space    used 12730K, committed 13760K, reserved 851968K
}
Event: 192.600 GC heap after
{Heap after GC invocations=47 (full 0):
 garbage-first heap   total 151552K, used 96963K [0x0000000700000000, 0x0000000800000000)
  region size 2048K, 1 young (2048K), 1 survivors (2048K)
 Metaspace       used 94793K, committed 96832K, reserved 983040K
  class space    used 12730K, committed 13760K, reserved 851968K
}
Event: 196.463 GC heap before
{Heap before GC invocations=48 (full 0):
 garbage-first heap   total 163840K, used 137923K [0x0000000700000000, 0x0000000800000000)
  region size 2048K, 21 young (43008K), 1 survivors (2048K)
 Metaspace       used 98062K, committed 100096K, reserved 983040K
  class space    used 13328K, committed 14336K, reserved 851968K
}
Event: 196.476 GC heap after
{Heap after GC invocations=49 (full 0):
 garbage-first heap   total 163840K, used 98272K [0x0000000700000000, 0x0000000800000000)
  region size 2048K, 2 young (4096K), 2 survivors (4096K)
 Metaspace       used 98062K, committed 100096K, reserved 983040K
  class space    used 13328K, committed 14336K, reserved 851968K
}
Event: 199.835 GC heap before
{Heap before GC invocations=49 (full 0):
 garbage-first heap   total 163840K, used 149472K [0x0000000700000000, 0x0000000800000000)
  region size 2048K, 27 young (55296K), 2 survivors (4096K)
 Metaspace       used 101952K, committed 104128K, reserved 983040K
  class space    used 13887K, committed 14976K, reserved 851968K
}
Event: 199.855 GC heap after
{Heap after GC invocations=50 (full 0):
 garbage-first heap   total 163840K, used 98898K [0x0000000700000000, 0x0000000800000000)
  region size 2048K, 3 young (6144K), 3 survivors (6144K)
 Metaspace       used 101952K, committed 104128K, reserved 983040K
  class space    used 13887K, committed 14976K, reserved 851968K
}
Event: 203.868 GC heap before
{Heap before GC invocations=50 (full 0):
 garbage-first heap   total 163840K, used 148050K [0x0000000700000000, 0x0000000800000000)
  region size 2048K, 27 young (55296K), 3 survivors (6144K)
 Metaspace       used 105650K, committed 107776K, reserved 983040K
  class space    used 14440K, committed 15488K, reserved 851968K
}
Event: 203.888 GC heap after
{Heap after GC invocations=51 (full 0):
 garbage-first heap   total 163840K, used 100912K [0x0000000700000000, 0x0000000800000000)
  region size 2048K, 3 young (6144K), 3 survivors (6144K)
 Metaspace       used 105650K, committed 107776K, reserved 983040K
  class space    used 14440K, committed 15488K, reserved 851968K
}
Event: 210.362 GC heap before
{Heap before GC invocations=52 (full 0):
 garbage-first heap   total 172032K, used 145968K [0x0000000700000000, 0x0000000800000000)
  region size 2048K, 25 young (51200K), 3 survivors (6144K)
 Metaspace       used 109174K, committed 111360K, reserved 983040K
  class space    used 14914K, committed 16000K, reserved 851968K
}
Event: 210.386 GC heap after
{Heap after GC invocations=53 (full 0):
 garbage-first heap   total 172032K, used 104196K [0x0000000700000000, 0x0000000800000000)
  region size 2048K, 3 young (6144K), 3 survivors (6144K)
 Metaspace       used 109174K, committed 111360K, reserved 983040K
  class space    used 14914K, committed 16000K, reserved 851968K
}
Event: 227.399 GC heap before
{Heap before GC invocations=53 (full 0):
 garbage-first heap   total 172032K, used 153348K [0x0000000700000000, 0x0000000800000000)
  region size 2048K, 27 young (55296K), 3 survivors (6144K)
 Metaspace       used 112356K, committed 114560K, reserved 983040K
  class space    used 15379K, committed 16512K, reserved 851968K
}
Event: 227.435 GC heap after
{Heap after GC invocations=54 (full 0):
 garbage-first heap   total 172032K, used 108693K [0x0000000700000000, 0x0000000800000000)
  region size 2048K, 4 young (8192K), 4 survivors (8192K)
 Metaspace       used 112356K, committed 114560K, reserved 983040K
  class space    used 15379K, committed 16512K, reserved 851968K
}
Event: 229.341 GC heap before
{Heap before GC invocations=54 (full 0):
 garbage-first heap   total 172032K, used 151701K [0x0000000700000000, 0x0000000800000000)
  region size 2048K, 25 young (51200K), 4 survivors (8192K)
 Metaspace       used 112359K, committed 114560K, reserved 983040K
  class space    used 15379K, committed 16512K, reserved 851968K
}
Event: 229.366 GC heap after
{Heap after GC invocations=55 (full 0):
 garbage-first heap   total 172032K, used 111854K [0x0000000700000000, 0x0000000800000000)
  region size 2048K, 2 young (4096K), 2 survivors (4096K)
 Metaspace       used 112359K, committed 114560K, reserved 983040K
  class space    used 15379K, committed 16512K, reserved 851968K
}

